<?xml version="1.0" encoding="UTF-8"?>
<testsuite xmlns:xsi="http://www.w3.org/2001/XMLSchema-instance" xsi:noNamespaceSchemaLocation="https://maven.apache.org/surefire/maven-surefire-plugin/xsd/surefire-test-report.xsd" name="main.LibraryTest" time="0.012" tests="6" errors="0" skipped="0" failures="0">
  <properties>
    <property name="java.specification.version" value="23"/>
    <property name="sun.jnu.encoding" value="UTF-8"/>
    <property name="java.class.path" value="/Users/julianespinozavalenzuela/Desktop/ESCUELA_TEC_DE_MONTERREY/6TH_SEMESTER/FIRST_PERIOD/JAVA_DEVELOP/java_activities/JAVA_DELIVERIES/Lambda_Func_Ref_Methods_Activity/target/test-classes:/Users/julianespinozavalenzuela/Desktop/ESCUELA_TEC_DE_MONTERREY/6TH_SEMESTER/FIRST_PERIOD/JAVA_DEVELOP/java_activities/JAVA_DELIVERIES/Lambda_Func_Ref_Methods_Activity/target/classes:/Users/julianespinozavalenzuela/.m2/repository/org/junit/jupiter/junit-jupiter-api/5.13.0-M2/junit-jupiter-api-5.13.0-M2.jar:/Users/julianespinozavalenzuela/.m2/repository/org/opentest4j/opentest4j/1.3.0/opentest4j-1.3.0.jar:/Users/julianespinozavalenzuela/.m2/repository/org/junit/platform/junit-platform-commons/1.13.0-M2/junit-platform-commons-1.13.0-M2.jar:/Users/julianespinozavalenzuela/.m2/repository/org/apiguardian/apiguardian-api/1.1.2/apiguardian-api-1.1.2.jar:/Users/julianespinozavalenzuela/.m2/repository/org/junit/jupiter/junit-jupiter-engine/5.13.0-M2/junit-jupiter-engine-5.13.0-M2.jar:/Users/julianespinozavalenzuela/.m2/repository/org/junit/platform/junit-platform-engine/1.13.0-M2/junit-platform-engine-1.13.0-M2.jar:/Users/julianespinozavalenzuela/.m2/repository/org/junit/platform/junit-platform-launcher/1.13.0-M2/junit-platform-launcher-1.13.0-M2.jar:"/>
    <property name="java.vm.vendor" value="Homebrew"/>
    <property name="sun.arch.data.model" value="64"/>
    <property name="java.vendor.url" value="https://github.com/Homebrew/homebrew-core/issues"/>
    <property name="os.name" value="Mac OS X"/>
    <property name="java.vm.specification.version" value="23"/>
    <property name="sun.java.launcher" value="SUN_STANDARD"/>
    <property name="user.country" value="MX"/>
    <property name="sun.boot.library.path" value="/opt/homebrew/Cellar/openjdk/23.0.2/libexec/openjdk.jdk/Contents/Home/lib"/>
    <property name="sun.java.command" value="/Users/julianespinozavalenzuela/Desktop/ESCUELA_TEC_DE_MONTERREY/6TH_SEMESTER/FIRST_PERIOD/JAVA_DEVELOP/java_activities/JAVA_DELIVERIES/Lambda_Func_Ref_Methods_Activity/target/surefire/surefirebooter3849052000346849151.jar /Users/julianespinozavalenzuela/Desktop/ESCUELA_TEC_DE_MONTERREY/6TH_SEMESTER/FIRST_PERIOD/JAVA_DEVELOP/java_activities/JAVA_DELIVERIES/Lambda_Func_Ref_Methods_Activity/target/surefire 2025-05-02T04-20-50_278-jvmRun1 surefire2834993576376104441tmp surefire_012545791925427196371tmp"/>
    <property name="http.nonProxyHosts" value="local|*.local|169.254/16|*.169.254/16"/>
    <property name="jdk.debug" value="release"/>
    <property name="surefire.test.class.path" value="/Users/julianespinozavalenzuela/Desktop/ESCUELA_TEC_DE_MONTERREY/6TH_SEMESTER/FIRST_PERIOD/JAVA_DEVELOP/java_activities/JAVA_DELIVERIES/Lambda_Func_Ref_Methods_Activity/target/test-classes:/Users/julianespinozavalenzuela/Desktop/ESCUELA_TEC_DE_MONTERREY/6TH_SEMESTER/FIRST_PERIOD/JAVA_DEVELOP/java_activities/JAVA_DELIVERIES/Lambda_Func_Ref_Methods_Activity/target/classes:/Users/julianespinozavalenzuela/.m2/repository/org/junit/jupiter/junit-jupiter-api/5.13.0-M2/junit-jupiter-api-5.13.0-M2.jar:/Users/julianespinozavalenzuela/.m2/repository/org/opentest4j/opentest4j/1.3.0/opentest4j-1.3.0.jar:/Users/julianespinozavalenzuela/.m2/repository/org/junit/platform/junit-platform-commons/1.13.0-M2/junit-platform-commons-1.13.0-M2.jar:/Users/julianespinozavalenzuela/.m2/repository/org/apiguardian/apiguardian-api/1.1.2/apiguardian-api-1.1.2.jar:/Users/julianespinozavalenzuela/.m2/repository/org/junit/jupiter/junit-jupiter-engine/5.13.0-M2/junit-jupiter-engine-5.13.0-M2.jar:/Users/julianespinozavalenzuela/.m2/repository/org/junit/platform/junit-platform-engine/1.13.0-M2/junit-platform-engine-1.13.0-M2.jar:/Users/julianespinozavalenzuela/.m2/repository/org/junit/platform/junit-platform-launcher/1.13.0-M2/junit-platform-launcher-1.13.0-M2.jar:"/>
    <property name="sun.cpu.endian" value="little"/>
    <property name="user.home" value="/Users/julianespinozavalenzuela"/>
    <property name="user.language" value="en"/>
    <property name="java.specification.vendor" value="Oracle Corporation"/>
    <property name="java.version.date" value="2025-01-21"/>
    <property name="java.home" value="/opt/homebrew/Cellar/openjdk/23.0.2/libexec/openjdk.jdk/Contents/Home"/>
    <property name="file.separator" value="/"/>
    <property name="basedir" value="/Users/julianespinozavalenzuela/Desktop/ESCUELA_TEC_DE_MONTERREY/6TH_SEMESTER/FIRST_PERIOD/JAVA_DEVELOP/java_activities/JAVA_DELIVERIES/Lambda_Func_Ref_Methods_Activity"/>
    <property name="java.vm.compressedOopsMode" value="Zero based"/>
    <property name="line.separator" value="&#10;"/>
    <property name="java.vm.specification.vendor" value="Oracle Corporation"/>
    <property name="java.specification.name" value="Java Platform API Specification"/>
    <property name="apple.awt.application.name" value="ForkedBooter"/>
    <property name="surefire.real.class.path" value="/Users/julianespinozavalenzuela/Desktop/ESCUELA_TEC_DE_MONTERREY/6TH_SEMESTER/FIRST_PERIOD/JAVA_DEVELOP/java_activities/JAVA_DELIVERIES/Lambda_Func_Ref_Methods_Activity/target/surefire/surefirebooter3849052000346849151.jar"/>
    <property name="sun.management.compiler" value="HotSpot 64-Bit Tiered Compilers"/>
    <property name="ftp.nonProxyHosts" value="local|*.local|169.254/16|*.169.254/16"/>
    <property name="java.runtime.version" value="23.0.2"/>
    <property name="user.name" value="julianespinozavalenzuela"/>
    <property name="stdout.encoding" value="UTF-8"/>
    <property name="path.separator" value=":"/>
    <property name="os.version" value="15.3.2"/>
    <property name="java.runtime.name" value="OpenJDK Runtime Environment"/>
    <property name="file.encoding" value="UTF-8"/>
    <property name="java.vm.name" value="OpenJDK 64-Bit Server VM"/>
    <property name="java.vendor.version" value="Homebrew"/>
    <property name="localRepository" value="/Users/julianespinozavalenzuela/.m2/repository"/>
    <property name="java.vendor.url.bug" value="https://github.com/Homebrew/homebrew-core/issues"/>
    <property name="java.io.tmpdir" value="/var/folders/9r/ssfls8rd1ng468ghf0mnwhqr0000gn/T/"/>
    <property name="java.version" value="23.0.2"/>
    <property name="user.dir" value="/Users/julianespinozavalenzuela/Desktop/ESCUELA_TEC_DE_MONTERREY/6TH_SEMESTER/FIRST_PERIOD/JAVA_DEVELOP/java_activities/JAVA_DELIVERIES/Lambda_Func_Ref_Methods_Activity"/>
    <property name="os.arch" value="aarch64"/>
    <property name="java.vm.specification.name" value="Java Virtual Machine Specification"/>
    <property name="native.encoding" value="UTF-8"/>
    <property name="java.library.path" value="/Users/julianespinozavalenzuela/Library/Java/Extensions:/Library/Java/Extensions:/Network/Library/Java/Extensions:/System/Library/Java/Extensions:/usr/lib/java:."/>
    <property name="java.vm.info" value="mixed mode, sharing"/>
    <property name="stderr.encoding" value="UTF-8"/>
    <property name="java.vendor" value="Homebrew"/>
    <property name="java.vm.version" value="23.0.2"/>
    <property name="sun.io.unicode.encoding" value="UnicodeBig"/>
    <property name="socksNonProxyHosts" value="local|*.local|169.254/16|*.169.254/16"/>
    <property name="java.class.version" value="67.0"/>
  </properties>
  <testcase name="testGetBooks" classname="main.LibraryTest" time="0.006"/>
  <testcase name="testAddBook" classname="main.LibraryTest" time="0"/>
  <testcase name="testFindBooksPublishedBefore" classname="main.LibraryTest" time="0.001"/>
  <testcase name="testSortBooksByYear" classname="main.LibraryTest" time="0"/>
  <testcase name="testSortBooksByTitle" classname="main.LibraryTest" time="0.001"/>
  <testcase name="testFindBooksByAuthor" classname="main.LibraryTest" time="0"/>
</testsuite>